<?xml version="1.0" encoding="UTF-8"?>
<!-- Generated by org.testng.reporters.JUnitReportReporter -->
<testsuite hostname="LAPTOP-T3L5FROU" failures="0" tests="1" name="FunctionalityTesting.Testcase1" time="18.302" errors="0" timestamp="2024-11-29T12:10:48 IST" skipped="0">
  <testcase classname="FunctionalityTesting.Testcase1" name="calendarPage" time="18.302"/>
</testsuite> <!-- FunctionalityTesting.Testcase1 -->
