<?xml version="1.0" encoding="UTF-8"?>
<!-- Generated by org.testng.reporters.JUnitReportReporter -->
<testsuite hostname="LAPTOP-T3L5FROU" failures="0" tests="1" name="FunctionalityTesting.TC2" time="19.204" errors="0" timestamp="2024-12-03T10:39:38 IST" skipped="0">
  <testcase classname="FunctionalityTesting.TC2" name="Testcasse2" time="19.204"/>
</testsuite> <!-- FunctionalityTesting.TC2 -->
