<?xml version="1.0" encoding="UTF-8"?>
<!-- Generated by org.testng.reporters.JUnitReportReporter -->
<testsuite hostname="LAPTOP-T3L5FROU" failures="0" tests="1" name="CompatibilityTesting.login" time="9.683" errors="0" timestamp="2024-11-29T11:58:25 IST" skipped="0">
  <testcase classname="CompatibilityTesting.login" name="main" time="9.683"/>
</testsuite> <!-- CompatibilityTesting.login -->
