<?xml version="1.0" encoding="UTF-8"?>
<!-- Generated by org.testng.reporters.JUnitReportReporter -->
<testsuite hostname="LAPTOP-T3L5FROU" failures="0" tests="1" name="CompatibilityTesting.demo" time="13.240" errors="0" timestamp="2024-11-29T10:33:21 IST" skipped="0">
  <testcase classname="CompatibilityTesting.demo" name="main" time="13.240"/>
</testsuite> <!-- CompatibilityTesting.demo -->
