<?xml version="1.0" encoding="UTF-8"?>
<!-- Generated by org.testng.reporters.JUnitReportReporter -->
<testsuite hostname="LAPTOP-T3L5FROU" failures="0" tests="1" name="FunctionalityTesting.TC1" time="27.118" errors="0" timestamp="2024-12-03T10:32:25 IST" skipped="0">
  <testcase classname="FunctionalityTesting.TC1" name="calendar_page" time="27.118"/>
</testsuite> <!-- FunctionalityTesting.TC1 -->
