<?xml version="1.0" encoding="UTF-8"?>
<!-- Generated by org.testng.reporters.JUnitReportReporter -->
<testsuite hostname="LAPTOP-T3L5FROU" failures="0" tests="1" name="FunctionalityTesting.DemoTestCase" time="25.350" errors="0" timestamp="2024-12-03T15:39:10 IST" skipped="0">
  <testcase classname="FunctionalityTesting.DemoTestCase" name="org_page" time="25.350"/>
</testsuite> <!-- FunctionalityTesting.DemoTestCase -->
